<?xml version='1.0' encoding='UTF-8'?>
<testsuite hostname="saurabh" name="ShoppingBasketTest" tests="4" errors="0" failures="0" skipped="0" time="0.024" timestamp="2023-10-23T04:10:19">
          <properties>
[...]
</properties>
          <testcase classname="ShoppingBasketTest" name="shoppingbasket.subtotal" time="0.023">
                      
                    </testcase><testcase classname="ShoppingBasketTest" name="shoppingbasket.applediscount" time="0.001">
                      
                    </testcase><testcase classname="ShoppingBasketTest" name="shoppingbasket.soupbreaddiscount" time="0.0">
                      
                    </testcase><testcase classname="ShoppingBasketTest" name="shoppingbasket.results" time="0.0">
                      
                    </testcase>
          <system-out><![CDATA[]]></system-out>
          <system-err><![CDATA[]]></system-err>
        </testsuite>